<?xml version="1.0" encoding="UTF-8"?>
<testng-results skipped="0" failed="1" ignored="0" total="1" passed="0">
  <reporter-output>
  </reporter-output>
  <suite name="Default suite" duration-ms="28097" started-at="2020-08-01T12:01:10Z" finished-at="2020-08-01T12:01:38Z">
    <groups>
    </groups>
    <test name="Default test" duration-ms="28097" started-at="2020-08-01T12:01:10Z" finished-at="2020-08-01T12:01:38Z">
      <class name="TestCases.TC003">
        <test-method status="PASS" signature="launchApp(java.lang.String, java.lang.String, java.lang.String, java.lang.String)[pri:0, instance:TestCases.TC003@3bfdc050]" name="launchApp" is-config="true" duration-ms="9455" started-at="2020-08-01T12:01:10Z" finished-at="2020-08-01T12:01:19Z">
          <params>
            <param index="0">
              <value>
                <![CDATA[chrome]]>
              </value>
            </param>
            <param index="1">
              <value>
                <![CDATA[https://mail.rediff.com/cgi-bin/login.cgi]]>
              </value>
            </param>
            <param index="2">
              <value>
                <![CDATA[40]]>
              </value>
            </param>
            <param index="3">
              <value>
                <![CDATA[40]]>
              </value>
            </param>
          </params>
          <reporter-output>
          </reporter-output>
        </test-method> <!-- launchApp -->
        <test-method status="PASS" signature="loginToApp(java.lang.String, java.lang.String)[pri:0, instance:TestCases.TC003@3bfdc050]" name="loginToApp" is-config="true" duration-ms="7676" started-at="2020-08-01T12:01:19Z" finished-at="2020-08-01T12:01:27Z">
          <params>
            <param index="0">
              <value>
                <![CDATA[nameishemanth@rediffmail.com]]>
              </value>
            </param>
            <param index="1">
              <value>
                <![CDATA[Testing@123]]>
              </value>
            </param>
          </params>
          <reporter-output>
          </reporter-output>
        </test-method> <!-- loginToApp -->
        <test-method status="FAIL" signature="writeMail()[pri:0, instance:TestCases.TC003@3bfdc050]" name="writeMail" duration-ms="363" started-at="2020-08-01T12:01:27Z" finished-at="2020-08-01T12:01:27Z">
          <exception class="org.openqa.selenium.support.ui.UnexpectedTagNameException">
            <message>
              <![CDATA[Element should have been "select" but was "a"
Build info: version: '3.141.59', revision: 'e82be7d358', time: '2018-11-14T08:25:48'
System info: host: 'SURESHHEMA', ip: '192.168.43.218', os.name: 'Windows 10', os.arch: 'amd64', os.version: '10.0', java.version: '1.8.0_231'
Driver info: driver.version: unknown]]>
            </message>
            <full-stacktrace>
              <![CDATA[org.openqa.selenium.support.ui.UnexpectedTagNameException: Element should have been "select" but was "a"
Build info: version: '3.141.59', revision: 'e82be7d358', time: '2018-11-14T08:25:48'
System info: host: 'SURESHHEMA', ip: '192.168.43.218', os.name: 'Windows 10', os.arch: 'amd64', os.version: '10.0', java.version: '1.8.0_231'
Driver info: driver.version: unknown
at org.openqa.selenium.support.ui.Select.<init>(Select.java:48)
at library.WebActionUtil.selectDropDownText(WebActionUtil.java:59)
at Pages.HomePage.selectTextInDropDown(HomePage.java:60)
at TestCases.TC003.writeMail(TC003.java:13)
at sun.reflect.NativeMethodAccessorImpl.invoke0(Native Method)
at sun.reflect.NativeMethodAccessorImpl.invoke(Unknown Source)
at sun.reflect.DelegatingMethodAccessorImpl.invoke(Unknown Source)
at java.lang.reflect.Method.invoke(Unknown Source)
at org.testng.internal.MethodInvocationHelper.invokeMethod(MethodInvocationHelper.java:124)
at org.testng.internal.Invoker.invokeMethod(Invoker.java:583)
at org.testng.internal.Invoker.invokeTestMethod(Invoker.java:719)
at org.testng.internal.Invoker.invokeTestMethods(Invoker.java:989)
at org.testng.internal.TestMethodWorker.invokeTestMethods(TestMethodWorker.java:125)
at org.testng.internal.TestMethodWorker.run(TestMethodWorker.java:109)
at org.testng.TestRunner.privateRun(TestRunner.java:648)
at org.testng.TestRunner.run(TestRunner.java:505)
at org.testng.SuiteRunner.runTest(SuiteRunner.java:455)
at org.testng.SuiteRunner.runSequentially(SuiteRunner.java:450)
at org.testng.SuiteRunner.privateRun(SuiteRunner.java:415)
at org.testng.SuiteRunner.run(SuiteRunner.java:364)
at org.testng.SuiteRunnerWorker.runSuite(SuiteRunnerWorker.java:52)
at org.testng.SuiteRunnerWorker.run(SuiteRunnerWorker.java:84)
at org.testng.TestNG.runSuitesSequentially(TestNG.java:1208)
at org.testng.TestNG.runSuitesLocally(TestNG.java:1137)
at org.testng.TestNG.runSuites(TestNG.java:1049)
at org.testng.TestNG.run(TestNG.java:1017)
at org.testng.remote.AbstractRemoteTestNG.run(AbstractRemoteTestNG.java:114)
at org.testng.remote.RemoteTestNG.initAndRun(RemoteTestNG.java:251)
at org.testng.remote.RemoteTestNG.main(RemoteTestNG.java:77)
]]>
            </full-stacktrace>
          </exception> <!-- org.openqa.selenium.support.ui.UnexpectedTagNameException -->
          <reporter-output>
          </reporter-output>
        </test-method> <!-- writeMail -->
        <test-method status="PASS" signature="logoutFromApp(org.testng.ITestResult)[pri:0, instance:TestCases.TC003@3bfdc050]" name="logoutFromApp" is-config="true" duration-ms="9651" started-at="2020-08-01T12:01:27Z" finished-at="2020-08-01T12:01:37Z">
          <params>
            <param index="0">
              <value>
                <![CDATA[[TestResult name=writeMail status=FAILURE method=TC003.writeMail()[pri:0, instance:TestCases.TC003@3bfdc050] output={null}]]]>
              </value>
            </param>
          </params>
          <reporter-output>
          </reporter-output>
        </test-method> <!-- logoutFromApp -->
        <test-method status="PASS" signature="closeApp()[pri:0, instance:TestCases.TC003@3bfdc050]" name="closeApp" is-config="true" duration-ms="885" started-at="2020-08-01T12:01:37Z" finished-at="2020-08-01T12:01:38Z">
          <reporter-output>
          </reporter-output>
        </test-method> <!-- closeApp -->
      </class> <!-- TestCases.TC003 -->
    </test> <!-- Default test -->
  </suite> <!-- Default suite -->
</testng-results>
